CRITICAL - 2021-09-06 11:11:26 --> Cannot use object of type stdClass as array
#0 C:\xampp\htdocs\projects\projects_php72\vigrab\admin\system\View\View.php(246): include()
#1 C:\xampp\htdocs\projects\projects_php72\vigrab\admin\system\Common.php(1119): CodeIgniter\View\View->render('templates/side_...', Array, true)
#2 C:\xampp\htdocs\projects\projects_php72\vigrab\admin\app\Helpers\common_helper.php(6): view('templates/side_...', Array)
#3 C:\xampp\htdocs\projects\projects_php72\vigrab\admin\app\Views\templates\header.php(51): render_partial('templates/side_...', Array)
#4 C:\xampp\htdocs\projects\projects_php72\vigrab\admin\system\View\View.php(246): include('C:\\xampp\\htdocs...')
#5 C:\xampp\htdocs\projects\projects_php72\vigrab\admin\system\Common.php(1119): CodeIgniter\View\View->render('templates/heade...', Array, true)
#6 C:\xampp\htdocs\projects\projects_php72\vigrab\admin\app\Controllers\Dashboard.php(36): view('templates/heade...', Array)
#7 C:\xampp\htdocs\projects\projects_php72\vigrab\admin\system\CodeIgniter.php(918): App\Controllers\Dashboard->index()
#8 C:\xampp\htdocs\projects\projects_php72\vigrab\admin\system\CodeIgniter.php(404): CodeIgniter\CodeIgniter->runController(Object(App\Controllers\Dashboard))
#9 C:\xampp\htdocs\projects\projects_php72\vigrab\admin\system\CodeIgniter.php(312): CodeIgniter\CodeIgniter->handleRequest(NULL, Object(Config\Cache), false)
#10 C:\xampp\htdocs\projects\projects_php72\vigrab\admin\public\index.php(45): CodeIgniter\CodeIgniter->run()
#11 C:\xampp\htdocs\projects\projects_php72\vigrab\admin\index.php(2): require_once('C:\\xampp\\htdocs...')
#12 {main}
CRITICAL - 2021-09-06 11:12:32 --> Cannot use object of type stdClass as array
#0 C:\xampp\htdocs\projects\projects_php72\vigrab\admin\system\View\View.php(246): include()
#1 C:\xampp\htdocs\projects\projects_php72\vigrab\admin\system\Common.php(1119): CodeIgniter\View\View->render('templates/side_...', Array, true)
#2 C:\xampp\htdocs\projects\projects_php72\vigrab\admin\app\Helpers\common_helper.php(6): view('templates/side_...', Array)
#3 C:\xampp\htdocs\projects\projects_php72\vigrab\admin\app\Views\templates\header.php(51): render_partial('templates/side_...', Array)
#4 C:\xampp\htdocs\projects\projects_php72\vigrab\admin\system\View\View.php(246): include('C:\\xampp\\htdocs...')
#5 C:\xampp\htdocs\projects\projects_php72\vigrab\admin\system\Common.php(1119): CodeIgniter\View\View->render('templates/heade...', Array, true)
#6 C:\xampp\htdocs\projects\projects_php72\vigrab\admin\app\Controllers\Dashboard.php(36): view('templates/heade...', Array)
#7 C:\xampp\htdocs\projects\projects_php72\vigrab\admin\system\CodeIgniter.php(918): App\Controllers\Dashboard->index()
#8 C:\xampp\htdocs\projects\projects_php72\vigrab\admin\system\CodeIgniter.php(404): CodeIgniter\CodeIgniter->runController(Object(App\Controllers\Dashboard))
#9 C:\xampp\htdocs\projects\projects_php72\vigrab\admin\system\CodeIgniter.php(312): CodeIgniter\CodeIgniter->handleRequest(NULL, Object(Config\Cache), false)
#10 C:\xampp\htdocs\projects\projects_php72\vigrab\admin\public\index.php(45): CodeIgniter\CodeIgniter->run()
#11 C:\xampp\htdocs\projects\projects_php72\vigrab\admin\index.php(2): require_once('C:\\xampp\\htdocs...')
#12 {main}
CRITICAL - 2021-09-06 11:13:20 --> Cannot use object of type stdClass as array
#0 C:\xampp\htdocs\projects\projects_php72\vigrab\admin\system\View\View.php(246): include()
#1 C:\xampp\htdocs\projects\projects_php72\vigrab\admin\system\Common.php(1119): CodeIgniter\View\View->render('dashboard/dash_...', Array, true)
#2 C:\xampp\htdocs\projects\projects_php72\vigrab\admin\app\Controllers\Dashboard.php(37): view('dashboard/dash_...', Array)
#3 C:\xampp\htdocs\projects\projects_php72\vigrab\admin\system\CodeIgniter.php(918): App\Controllers\Dashboard->index()
#4 C:\xampp\htdocs\projects\projects_php72\vigrab\admin\system\CodeIgniter.php(404): CodeIgniter\CodeIgniter->runController(Object(App\Controllers\Dashboard))
#5 C:\xampp\htdocs\projects\projects_php72\vigrab\admin\system\CodeIgniter.php(312): CodeIgniter\CodeIgniter->handleRequest(NULL, Object(Config\Cache), false)
#6 C:\xampp\htdocs\projects\projects_php72\vigrab\admin\public\index.php(45): CodeIgniter\CodeIgniter->run()
#7 C:\xampp\htdocs\projects\projects_php72\vigrab\admin\index.php(2): require_once('C:\\xampp\\htdocs...')
#8 {main}
