CRITICAL - 2021-10-14 07:30:59 --> Use of undefined constant HOSTNAME - assumed 'HOSTNAME' (this will throw an Error in a future version of PHP)
#0 C:\xampp\htdocs\projects\projects_php72\efm\eisengcap\landing\system\Config\Config.php(157): CodeIgniter\Debug\Exceptions->errorHandler(2, 'Use of undefine...', 'C:\\xampp\\htdocs...', 157, Array)
#1 C:\xampp\htdocs\projects\projects_php72\efm\eisengcap\landing\system\Config\Config.php(83): CodeIgniter\Config\Config::createClass('Config\\Database')
#2 C:\xampp\htdocs\projects\projects_php72\efm\eisengcap\landing\system\Common.php(155): CodeIgniter\Config\Config::get('Database', true)
#3 C:\xampp\htdocs\projects\projects_php72\efm\eisengcap\landing\system\Database\Config.php(91): config('Database')
#4 C:\xampp\htdocs\projects\projects_php72\efm\eisengcap\landing\app\Models\MY_Model.php(10): CodeIgniter\Database\Config::connect('default')
#5 C:\xampp\htdocs\projects\projects_php72\efm\eisengcap\landing\app\Controllers\MY_Controller.php(65): App\Models\MY_Model->__construct()
#6 C:\xampp\htdocs\projects\projects_php72\efm\eisengcap\landing\app\Controllers\MY_Controller.php(56): App\Controllers\MY_Controller->check_progress()
#7 C:\xampp\htdocs\projects\projects_php72\efm\eisengcap\landing\app\Controllers\Dashboard.php(8): App\Controllers\MY_Controller->__construct()
#8 C:\xampp\htdocs\projects\projects_php72\efm\eisengcap\landing\system\CodeIgniter.php(890): App\Controllers\Dashboard->__construct()
#9 C:\xampp\htdocs\projects\projects_php72\efm\eisengcap\landing\system\CodeIgniter.php(399): CodeIgniter\CodeIgniter->createController()
#10 C:\xampp\htdocs\projects\projects_php72\efm\eisengcap\landing\system\CodeIgniter.php(312): CodeIgniter\CodeIgniter->handleRequest(NULL, Object(Config\Cache), false)
#11 C:\xampp\htdocs\projects\projects_php72\efm\eisengcap\landing\public\index.php(45): CodeIgniter\CodeIgniter->run()
#12 C:\xampp\htdocs\projects\projects_php72\efm\eisengcap\landing\index.php(2): require_once('C:\\xampp\\htdocs...')
#13 {main}
CRITICAL - 2021-10-14 07:41:45 --> Use of undefined constant HOSTNAME - assumed 'HOSTNAME' (this will throw an Error in a future version of PHP)
#0 C:\xampp\htdocs\projects\projects_php72\efm\eisengcap\landing\system\Config\Config.php(157): CodeIgniter\Debug\Exceptions->errorHandler(2, 'Use of undefine...', 'C:\\xampp\\htdocs...', 157, Array)
#1 C:\xampp\htdocs\projects\projects_php72\efm\eisengcap\landing\system\Config\Config.php(83): CodeIgniter\Config\Config::createClass('Config\\Database')
#2 C:\xampp\htdocs\projects\projects_php72\efm\eisengcap\landing\system\Common.php(155): CodeIgniter\Config\Config::get('Database', true)
#3 C:\xampp\htdocs\projects\projects_php72\efm\eisengcap\landing\system\Database\Config.php(91): config('Database')
#4 C:\xampp\htdocs\projects\projects_php72\efm\eisengcap\landing\app\Models\MY_Model.php(10): CodeIgniter\Database\Config::connect('default')
#5 C:\xampp\htdocs\projects\projects_php72\efm\eisengcap\landing\app\Controllers\MY_Controller.php(65): App\Models\MY_Model->__construct()
#6 C:\xampp\htdocs\projects\projects_php72\efm\eisengcap\landing\app\Controllers\MY_Controller.php(56): App\Controllers\MY_Controller->check_progress()
#7 C:\xampp\htdocs\projects\projects_php72\efm\eisengcap\landing\app\Controllers\Dashboard.php(8): App\Controllers\MY_Controller->__construct()
#8 C:\xampp\htdocs\projects\projects_php72\efm\eisengcap\landing\system\CodeIgniter.php(890): App\Controllers\Dashboard->__construct()
#9 C:\xampp\htdocs\projects\projects_php72\efm\eisengcap\landing\system\CodeIgniter.php(399): CodeIgniter\CodeIgniter->createController()
#10 C:\xampp\htdocs\projects\projects_php72\efm\eisengcap\landing\system\CodeIgniter.php(312): CodeIgniter\CodeIgniter->handleRequest(NULL, Object(Config\Cache), false)
#11 C:\xampp\htdocs\projects\projects_php72\efm\eisengcap\landing\public\index.php(45): CodeIgniter\CodeIgniter->run()
#12 C:\xampp\htdocs\projects\projects_php72\efm\eisengcap\landing\index.php(2): require_once('C:\\xampp\\htdocs...')
#13 {main}
CRITICAL - 2021-10-14 07:42:09 --> Use of undefined constant HOSTNAME - assumed 'HOSTNAME' (this will throw an Error in a future version of PHP)
#0 C:\xampp\htdocs\projects\projects_php72\efm\eisengcap\landing\system\Config\Config.php(157): CodeIgniter\Debug\Exceptions->errorHandler(2, 'Use of undefine...', 'C:\\xampp\\htdocs...', 157, Array)
#1 C:\xampp\htdocs\projects\projects_php72\efm\eisengcap\landing\system\Config\Config.php(83): CodeIgniter\Config\Config::createClass('Config\\Database')
#2 C:\xampp\htdocs\projects\projects_php72\efm\eisengcap\landing\system\Common.php(155): CodeIgniter\Config\Config::get('Database', true)
#3 C:\xampp\htdocs\projects\projects_php72\efm\eisengcap\landing\system\Database\Config.php(91): config('Database')
#4 C:\xampp\htdocs\projects\projects_php72\efm\eisengcap\landing\app\Models\MY_Model.php(10): CodeIgniter\Database\Config::connect('default')
#5 C:\xampp\htdocs\projects\projects_php72\efm\eisengcap\landing\app\Controllers\MY_Controller.php(65): App\Models\MY_Model->__construct()
#6 C:\xampp\htdocs\projects\projects_php72\efm\eisengcap\landing\app\Controllers\MY_Controller.php(56): App\Controllers\MY_Controller->check_progress()
#7 C:\xampp\htdocs\projects\projects_php72\efm\eisengcap\landing\app\Controllers\Dashboard.php(10): App\Controllers\MY_Controller->__construct()
#8 C:\xampp\htdocs\projects\projects_php72\efm\eisengcap\landing\system\CodeIgniter.php(890): App\Controllers\Dashboard->__construct()
#9 C:\xampp\htdocs\projects\projects_php72\efm\eisengcap\landing\system\CodeIgniter.php(399): CodeIgniter\CodeIgniter->createController()
#10 C:\xampp\htdocs\projects\projects_php72\efm\eisengcap\landing\system\CodeIgniter.php(312): CodeIgniter\CodeIgniter->handleRequest(NULL, Object(Config\Cache), false)
#11 C:\xampp\htdocs\projects\projects_php72\efm\eisengcap\landing\public\index.php(45): CodeIgniter\CodeIgniter->run()
#12 C:\xampp\htdocs\projects\projects_php72\efm\eisengcap\landing\index.php(2): require_once('C:\\xampp\\htdocs...')
#13 {main}
CRITICAL - 2021-10-14 07:44:58 --> Use of undefined constant HOSTNAME - assumed 'HOSTNAME' (this will throw an Error in a future version of PHP)
#0 C:\xampp\htdocs\projects\projects_php72\efm\eisengcap\landing\system\Config\Config.php(157): CodeIgniter\Debug\Exceptions->errorHandler(2, 'Use of undefine...', 'C:\\xampp\\htdocs...', 157, Array)
#1 C:\xampp\htdocs\projects\projects_php72\efm\eisengcap\landing\system\Config\Config.php(83): CodeIgniter\Config\Config::createClass('Config\\Database')
#2 C:\xampp\htdocs\projects\projects_php72\efm\eisengcap\landing\system\Common.php(155): CodeIgniter\Config\Config::get('Database', true)
#3 C:\xampp\htdocs\projects\projects_php72\efm\eisengcap\landing\system\Database\Config.php(91): config('Database')
#4 C:\xampp\htdocs\projects\projects_php72\efm\eisengcap\landing\app\Models\MY_Model.php(10): CodeIgniter\Database\Config::connect('default')
#5 C:\xampp\htdocs\projects\projects_php72\efm\eisengcap\landing\app\Controllers\MY_Controller.php(65): App\Models\MY_Model->__construct()
#6 C:\xampp\htdocs\projects\projects_php72\efm\eisengcap\landing\app\Controllers\MY_Controller.php(56): App\Controllers\MY_Controller->check_progress()
#7 C:\xampp\htdocs\projects\projects_php72\efm\eisengcap\landing\app\Controllers\Dashboard.php(10): App\Controllers\MY_Controller->__construct()
#8 C:\xampp\htdocs\projects\projects_php72\efm\eisengcap\landing\system\CodeIgniter.php(890): App\Controllers\Dashboard->__construct()
#9 C:\xampp\htdocs\projects\projects_php72\efm\eisengcap\landing\system\CodeIgniter.php(399): CodeIgniter\CodeIgniter->createController()
#10 C:\xampp\htdocs\projects\projects_php72\efm\eisengcap\landing\system\CodeIgniter.php(312): CodeIgniter\CodeIgniter->handleRequest(NULL, Object(Config\Cache), false)
#11 C:\xampp\htdocs\projects\projects_php72\efm\eisengcap\landing\public\index.php(45): CodeIgniter\CodeIgniter->run()
#12 C:\xampp\htdocs\projects\projects_php72\efm\eisengcap\landing\index.php(2): require_once('C:\\xampp\\htdocs...')
#13 {main}
CRITICAL - 2021-10-14 07:46:03 --> Use of undefined constant HOSTNAME - assumed 'HOSTNAME' (this will throw an Error in a future version of PHP)
#0 C:\xampp\htdocs\projects\projects_php72\efm\eisengcap\landing\system\Config\Config.php(157): CodeIgniter\Debug\Exceptions->errorHandler(2, 'Use of undefine...', 'C:\\xampp\\htdocs...', 157, Array)
#1 C:\xampp\htdocs\projects\projects_php72\efm\eisengcap\landing\system\Config\Config.php(83): CodeIgniter\Config\Config::createClass('Config\\Database')
#2 C:\xampp\htdocs\projects\projects_php72\efm\eisengcap\landing\system\Common.php(155): CodeIgniter\Config\Config::get('Database', true)
#3 C:\xampp\htdocs\projects\projects_php72\efm\eisengcap\landing\system\Database\Config.php(91): config('Database')
#4 C:\xampp\htdocs\projects\projects_php72\efm\eisengcap\landing\app\Models\MY_Model.php(10): CodeIgniter\Database\Config::connect('default')
#5 C:\xampp\htdocs\projects\projects_php72\efm\eisengcap\landing\app\Controllers\MY_Controller.php(65): App\Models\MY_Model->__construct()
#6 C:\xampp\htdocs\projects\projects_php72\efm\eisengcap\landing\app\Controllers\MY_Controller.php(56): App\Controllers\MY_Controller->check_progress()
#7 C:\xampp\htdocs\projects\projects_php72\efm\eisengcap\landing\app\Controllers\Dashboard.php(10): App\Controllers\MY_Controller->__construct()
#8 C:\xampp\htdocs\projects\projects_php72\efm\eisengcap\landing\system\CodeIgniter.php(890): App\Controllers\Dashboard->__construct()
#9 C:\xampp\htdocs\projects\projects_php72\efm\eisengcap\landing\system\CodeIgniter.php(399): CodeIgniter\CodeIgniter->createController()
#10 C:\xampp\htdocs\projects\projects_php72\efm\eisengcap\landing\system\CodeIgniter.php(312): CodeIgniter\CodeIgniter->handleRequest(NULL, Object(Config\Cache), false)
#11 C:\xampp\htdocs\projects\projects_php72\efm\eisengcap\landing\public\index.php(45): CodeIgniter\CodeIgniter->run()
#12 C:\xampp\htdocs\projects\projects_php72\efm\eisengcap\landing\index.php(2): require_once('C:\\xampp\\htdocs...')
#13 {main}
CRITICAL - 2021-10-14 07:49:14 --> Unable to connect to the database.
#0 C:\xampp\htdocs\projects\projects_php72\efm\eisengcap\landing\system\Database\BaseConnection.php(646): CodeIgniter\Database\BaseConnection->initialize()
#1 C:\xampp\htdocs\projects\projects_php72\efm\eisengcap\landing\system\Database\BaseBuilder.php(1860): CodeIgniter\Database\BaseConnection->query('SELECT *\nFROM `...', Array, false)
#2 C:\xampp\htdocs\projects\projects_php72\efm\eisengcap\landing\app\Models\MY_Model.php(92): CodeIgniter\Database\BaseBuilder->get()
#3 C:\xampp\htdocs\projects\projects_php72\efm\eisengcap\landing\app\Controllers\MY_Controller.php(67): App\Models\MY_Model->getWhere(Array)
#4 C:\xampp\htdocs\projects\projects_php72\efm\eisengcap\landing\app\Controllers\MY_Controller.php(56): App\Controllers\MY_Controller->check_progress()
#5 C:\xampp\htdocs\projects\projects_php72\efm\eisengcap\landing\app\Controllers\Dashboard.php(10): App\Controllers\MY_Controller->__construct()
#6 C:\xampp\htdocs\projects\projects_php72\efm\eisengcap\landing\system\CodeIgniter.php(890): App\Controllers\Dashboard->__construct()
#7 C:\xampp\htdocs\projects\projects_php72\efm\eisengcap\landing\system\CodeIgniter.php(399): CodeIgniter\CodeIgniter->createController()
#8 C:\xampp\htdocs\projects\projects_php72\efm\eisengcap\landing\system\CodeIgniter.php(312): CodeIgniter\CodeIgniter->handleRequest(NULL, Object(Config\Cache), false)
#9 C:\xampp\htdocs\projects\projects_php72\efm\eisengcap\landing\public\index.php(45): CodeIgniter\CodeIgniter->run()
#10 C:\xampp\htdocs\projects\projects_php72\efm\eisengcap\landing\index.php(2): require_once('C:\\xampp\\htdocs...')
#11 {main}
CRITICAL - 2021-10-14 07:49:30 --> Unable to connect to the database.
#0 C:\xampp\htdocs\projects\projects_php72\efm\eisengcap\landing\system\Database\BaseConnection.php(646): CodeIgniter\Database\BaseConnection->initialize()
#1 C:\xampp\htdocs\projects\projects_php72\efm\eisengcap\landing\system\Database\BaseBuilder.php(1860): CodeIgniter\Database\BaseConnection->query('SELECT *\nFROM `...', Array, false)
#2 C:\xampp\htdocs\projects\projects_php72\efm\eisengcap\landing\app\Models\MY_Model.php(92): CodeIgniter\Database\BaseBuilder->get()
#3 C:\xampp\htdocs\projects\projects_php72\efm\eisengcap\landing\app\Controllers\MY_Controller.php(67): App\Models\MY_Model->getWhere(Array)
#4 C:\xampp\htdocs\projects\projects_php72\efm\eisengcap\landing\app\Controllers\MY_Controller.php(56): App\Controllers\MY_Controller->check_progress()
#5 C:\xampp\htdocs\projects\projects_php72\efm\eisengcap\landing\app\Controllers\Dashboard.php(10): App\Controllers\MY_Controller->__construct()
#6 C:\xampp\htdocs\projects\projects_php72\efm\eisengcap\landing\system\CodeIgniter.php(890): App\Controllers\Dashboard->__construct()
#7 C:\xampp\htdocs\projects\projects_php72\efm\eisengcap\landing\system\CodeIgniter.php(399): CodeIgniter\CodeIgniter->createController()
#8 C:\xampp\htdocs\projects\projects_php72\efm\eisengcap\landing\system\CodeIgniter.php(312): CodeIgniter\CodeIgniter->handleRequest(NULL, Object(Config\Cache), false)
#9 C:\xampp\htdocs\projects\projects_php72\efm\eisengcap\landing\public\index.php(45): CodeIgniter\CodeIgniter->run()
#10 C:\xampp\htdocs\projects\projects_php72\efm\eisengcap\landing\index.php(2): require_once('C:\\xampp\\htdocs...')
#11 {main}
CRITICAL - 2021-10-14 07:52:58 --> Unable to connect to the database.
#0 C:\xampp\htdocs\projects\projects_php72\efm\eisengcap\landing\system\Database\BaseConnection.php(646): CodeIgniter\Database\BaseConnection->initialize()
#1 C:\xampp\htdocs\projects\projects_php72\efm\eisengcap\landing\system\Database\BaseBuilder.php(1860): CodeIgniter\Database\BaseConnection->query('SELECT *\nFROM `...', Array, false)
#2 C:\xampp\htdocs\projects\projects_php72\efm\eisengcap\landing\app\Models\MY_Model.php(92): CodeIgniter\Database\BaseBuilder->get()
#3 C:\xampp\htdocs\projects\projects_php72\efm\eisengcap\landing\app\Controllers\MY_Controller.php(67): App\Models\MY_Model->getWhere(Array)
#4 C:\xampp\htdocs\projects\projects_php72\efm\eisengcap\landing\app\Controllers\MY_Controller.php(56): App\Controllers\MY_Controller->check_progress()
#5 C:\xampp\htdocs\projects\projects_php72\efm\eisengcap\landing\app\Controllers\Dashboard.php(10): App\Controllers\MY_Controller->__construct()
#6 C:\xampp\htdocs\projects\projects_php72\efm\eisengcap\landing\system\CodeIgniter.php(890): App\Controllers\Dashboard->__construct()
#7 C:\xampp\htdocs\projects\projects_php72\efm\eisengcap\landing\system\CodeIgniter.php(399): CodeIgniter\CodeIgniter->createController()
#8 C:\xampp\htdocs\projects\projects_php72\efm\eisengcap\landing\system\CodeIgniter.php(312): CodeIgniter\CodeIgniter->handleRequest(NULL, Object(Config\Cache), false)
#9 C:\xampp\htdocs\projects\projects_php72\efm\eisengcap\landing\public\index.php(45): CodeIgniter\CodeIgniter->run()
#10 C:\xampp\htdocs\projects\projects_php72\efm\eisengcap\landing\index.php(2): require_once('C:\\xampp\\htdocs...')
#11 {main}
CRITICAL - 2021-10-14 07:54:43 --> Call to a member function table() on null
#0 C:\xampp\htdocs\projects\projects_php72\efm\eisengcap\landing\app\Controllers\MY_Controller.php(67): App\Models\MY_Model->getWhere(Array)
#1 C:\xampp\htdocs\projects\projects_php72\efm\eisengcap\landing\app\Controllers\MY_Controller.php(56): App\Controllers\MY_Controller->check_progress()
#2 C:\xampp\htdocs\projects\projects_php72\efm\eisengcap\landing\app\Controllers\Dashboard.php(10): App\Controllers\MY_Controller->__construct()
#3 C:\xampp\htdocs\projects\projects_php72\efm\eisengcap\landing\system\CodeIgniter.php(890): App\Controllers\Dashboard->__construct()
#4 C:\xampp\htdocs\projects\projects_php72\efm\eisengcap\landing\system\CodeIgniter.php(399): CodeIgniter\CodeIgniter->createController()
#5 C:\xampp\htdocs\projects\projects_php72\efm\eisengcap\landing\system\CodeIgniter.php(312): CodeIgniter\CodeIgniter->handleRequest(NULL, Object(Config\Cache), false)
#6 C:\xampp\htdocs\projects\projects_php72\efm\eisengcap\landing\public\index.php(45): CodeIgniter\CodeIgniter->run()
#7 C:\xampp\htdocs\projects\projects_php72\efm\eisengcap\landing\index.php(2): require_once('C:\\xampp\\htdocs...')
#8 {main}
CRITICAL - 2021-10-14 07:55:36 --> Call to a member function table() on null
#0 C:\xampp\htdocs\projects\projects_php72\efm\eisengcap\landing\app\Controllers\MY_Controller.php(67): App\Models\MY_Model->getWhere(Array)
#1 C:\xampp\htdocs\projects\projects_php72\efm\eisengcap\landing\app\Controllers\MY_Controller.php(56): App\Controllers\MY_Controller->check_progress()
#2 C:\xampp\htdocs\projects\projects_php72\efm\eisengcap\landing\app\Controllers\Dashboard.php(10): App\Controllers\MY_Controller->__construct()
#3 C:\xampp\htdocs\projects\projects_php72\efm\eisengcap\landing\system\CodeIgniter.php(890): App\Controllers\Dashboard->__construct()
#4 C:\xampp\htdocs\projects\projects_php72\efm\eisengcap\landing\system\CodeIgniter.php(399): CodeIgniter\CodeIgniter->createController()
#5 C:\xampp\htdocs\projects\projects_php72\efm\eisengcap\landing\system\CodeIgniter.php(312): CodeIgniter\CodeIgniter->handleRequest(NULL, Object(Config\Cache), false)
#6 C:\xampp\htdocs\projects\projects_php72\efm\eisengcap\landing\public\index.php(45): CodeIgniter\CodeIgniter->run()
#7 C:\xampp\htdocs\projects\projects_php72\efm\eisengcap\landing\index.php(2): require_once('C:\\xampp\\htdocs...')
#8 {main}
CRITICAL - 2021-10-14 08:06:24 --> Invalid file: {0}
#0 C:\xampp\htdocs\projects\projects_php72\efm\eisengcap\landing\system\View\View.php(228): CodeIgniter\Exceptions\FrameworkException::forInvalidFile('dashboard/dash_...')
#1 C:\xampp\htdocs\projects\projects_php72\efm\eisengcap\landing\system\Common.php(1119): CodeIgniter\View\View->render('dashboard/dash_...', Array, true)
#2 C:\xampp\htdocs\projects\projects_php72\efm\eisengcap\landing\app\Controllers\Homepage.php(37): view('dashboard/dash_...', Array)
#3 C:\xampp\htdocs\projects\projects_php72\efm\eisengcap\landing\system\CodeIgniter.php(918): App\Controllers\Homepage->index()
#4 C:\xampp\htdocs\projects\projects_php72\efm\eisengcap\landing\system\CodeIgniter.php(404): CodeIgniter\CodeIgniter->runController(Object(App\Controllers\Homepage))
#5 C:\xampp\htdocs\projects\projects_php72\efm\eisengcap\landing\system\CodeIgniter.php(312): CodeIgniter\CodeIgniter->handleRequest(NULL, Object(Config\Cache), false)
#6 C:\xampp\htdocs\projects\projects_php72\efm\eisengcap\landing\public\index.php(45): CodeIgniter\CodeIgniter->run()
#7 C:\xampp\htdocs\projects\projects_php72\efm\eisengcap\landing\index.php(2): require_once('C:\\xampp\\htdocs...')
#8 {main}
CRITICAL - 2021-10-14 08:06:37 --> Invalid file: {0}
#0 C:\xampp\htdocs\projects\projects_php72\efm\eisengcap\landing\system\View\View.php(228): CodeIgniter\Exceptions\FrameworkException::forInvalidFile('dashboard/dash_...')
#1 C:\xampp\htdocs\projects\projects_php72\efm\eisengcap\landing\system\Common.php(1119): CodeIgniter\View\View->render('dashboard/dash_...', Array, true)
#2 C:\xampp\htdocs\projects\projects_php72\efm\eisengcap\landing\app\Controllers\Homepage.php(37): view('dashboard/dash_...', Array)
#3 C:\xampp\htdocs\projects\projects_php72\efm\eisengcap\landing\system\CodeIgniter.php(918): App\Controllers\Homepage->index()
#4 C:\xampp\htdocs\projects\projects_php72\efm\eisengcap\landing\system\CodeIgniter.php(404): CodeIgniter\CodeIgniter->runController(Object(App\Controllers\Homepage))
#5 C:\xampp\htdocs\projects\projects_php72\efm\eisengcap\landing\system\CodeIgniter.php(312): CodeIgniter\CodeIgniter->handleRequest(NULL, Object(Config\Cache), false)
#6 C:\xampp\htdocs\projects\projects_php72\efm\eisengcap\landing\public\index.php(45): CodeIgniter\CodeIgniter->run()
#7 C:\xampp\htdocs\projects\projects_php72\efm\eisengcap\landing\index.php(2): require_once('C:\\xampp\\htdocs...')
#8 {main}
CRITICAL - 2021-10-14 08:06:57 --> Invalid file: {0}
#0 C:\xampp\htdocs\projects\projects_php72\efm\eisengcap\landing\system\View\View.php(228): CodeIgniter\Exceptions\FrameworkException::forInvalidFile('dashboard/dash_...')
#1 C:\xampp\htdocs\projects\projects_php72\efm\eisengcap\landing\system\Common.php(1119): CodeIgniter\View\View->render('dashboard/dash_...', Array, true)
#2 C:\xampp\htdocs\projects\projects_php72\efm\eisengcap\landing\app\Controllers\Homepage.php(37): view('dashboard/dash_...', Array)
#3 C:\xampp\htdocs\projects\projects_php72\efm\eisengcap\landing\system\CodeIgniter.php(918): App\Controllers\Homepage->index()
#4 C:\xampp\htdocs\projects\projects_php72\efm\eisengcap\landing\system\CodeIgniter.php(404): CodeIgniter\CodeIgniter->runController(Object(App\Controllers\Homepage))
#5 C:\xampp\htdocs\projects\projects_php72\efm\eisengcap\landing\system\CodeIgniter.php(312): CodeIgniter\CodeIgniter->handleRequest(NULL, Object(Config\Cache), false)
#6 C:\xampp\htdocs\projects\projects_php72\efm\eisengcap\landing\public\index.php(45): CodeIgniter\CodeIgniter->run()
#7 C:\xampp\htdocs\projects\projects_php72\efm\eisengcap\landing\index.php(2): require_once('C:\\xampp\\htdocs...')
#8 {main}
CRITICAL - 2021-10-14 08:07:17 --> Invalid file: {0}
#0 C:\xampp\htdocs\projects\projects_php72\efm\eisengcap\landing\system\View\View.php(228): CodeIgniter\Exceptions\FrameworkException::forInvalidFile('dashboard/dash_...')
#1 C:\xampp\htdocs\projects\projects_php72\efm\eisengcap\landing\system\Common.php(1119): CodeIgniter\View\View->render('dashboard/dash_...', Array, true)
#2 C:\xampp\htdocs\projects\projects_php72\efm\eisengcap\landing\app\Controllers\Homepage.php(37): view('dashboard/dash_...', Array)
#3 C:\xampp\htdocs\projects\projects_php72\efm\eisengcap\landing\system\CodeIgniter.php(918): App\Controllers\Homepage->index()
#4 C:\xampp\htdocs\projects\projects_php72\efm\eisengcap\landing\system\CodeIgniter.php(404): CodeIgniter\CodeIgniter->runController(Object(App\Controllers\Homepage))
#5 C:\xampp\htdocs\projects\projects_php72\efm\eisengcap\landing\system\CodeIgniter.php(312): CodeIgniter\CodeIgniter->handleRequest(NULL, Object(Config\Cache), false)
#6 C:\xampp\htdocs\projects\projects_php72\efm\eisengcap\landing\public\index.php(45): CodeIgniter\CodeIgniter->run()
#7 C:\xampp\htdocs\projects\projects_php72\efm\eisengcap\landing\index.php(2): require_once('C:\\xampp\\htdocs...')
#8 {main}
